<?xml version="1.0" encoding="utf-8"?><testsuites name="pytest tests"><testsuite name="pytest" errors="0" failures="0" skipped="0" tests="13" time="1.668" timestamp="2026-03-28T07:24:23.656903+00:00" hostname="agent-env-73aa3b63-dcec-411c-91af-c34469d9bd5a"><testcase classname="backend.tests.test_home_redesign_v2.TestAuthLogin" name="test_login_success" time="0.052" /><testcase classname="backend.tests.test_home_redesign_v2.TestAuthLogin" name="test_login_invalid_credentials" time="0.071" /><testcase classname="backend.tests.test_home_redesign_v2.TestUsersAPI" name="test_get_users_list" time="0.094" /><testcase classname="backend.tests.test_home_redesign_v2.TestUsersAPI" name="test_users_have_required_fields" time="0.093" /><testcase classname="backend.tests.test_home_redesign_v2.TestProfileAPI" name="test_get_profile" time="0.214" /><testcase classname="backend.tests.test_home_redesign_v2.TestProfileAPI" name="test_profile_has_verification_fields" time="0.254" /><testcase classname="backend.tests.test_home_redesign_v2.TestLoungesAPI" name="test_get_lounges_list" time="0.053" /><testcase classname="backend.tests.test_home_redesign_v2.TestLoungesAPI" name="test_lounges_have_required_fields" time="0.085" /><testcase classname="backend.tests.test_home_redesign_v2.TestLoungesAPI" name="test_lounges_include_expected_rooms" time="0.098" /><testcase classname="backend.tests.test_home_redesign_v2.TestStoriesAPI" name="test_get_stories" time="0.119" /><testcase classname="backend.tests.test_home_redesign_v2.TestNotificationsAPI" name="test_get_notifications" time="0.188" /><testcase classname="backend.tests.test_home_redesign_v2.TestFriendRequestsAPI" name="test_get_friend_requests" time="0.183" /><testcase classname="backend.tests.test_home_redesign_v2.TestHealthCheck" name="test_health_endpoint" time="0.067" /></testsuite></testsuites>