<?xml version="1.0" encoding="utf-8"?><testsuites name="pytest tests"><testsuite name="pytest" errors="0" failures="0" skipped="0" tests="13" time="0.551" timestamp="2026-03-28T10:27:32.973864+00:00" hostname="agent-env-73aa3b63-dcec-411c-91af-c34469d9bd5a"><testcase classname="backend.tests.test_lounge_system.TestAuthentication" name="test_login_success" time="0.035" /><testcase classname="backend.tests.test_lounge_system.TestAuthentication" name="test_login_invalid_credentials" time="0.015" /><testcase classname="backend.tests.test_lounge_system.TestLoungesAPI" name="test_get_regular_lounges" time="0.057" /><testcase classname="backend.tests.test_lounge_system.TestLoungesAPI" name="test_get_after_dark_lounge" time="0.031" /><testcase classname="backend.tests.test_lounge_system.TestLoungesAPI" name="test_lounge_structure" time="0.061" /><testcase classname="backend.tests.test_lounge_system.TestLoungesAPI" name="test_lowkey_lounge_description" time="0.013" /><testcase classname="backend.tests.test_lounge_system.TestLoungesAPI" name="test_vip_lounge_description" time="0.031" /><testcase classname="backend.tests.test_lounge_system.TestLoungesAPI" name="test_kink_lounge_description" time="0.059" /><testcase classname="backend.tests.test_lounge_system.TestLoungesAPI" name="test_after_dark_description" time="0.027" /><testcase classname="backend.tests.test_lounge_system.TestEventsAPI" name="test_get_events" time="0.014" /><testcase classname="backend.tests.test_lounge_system.TestEventsAPI" name="test_event_structure" time="0.059" /><testcase classname="backend.tests.test_lounge_system.TestEventsAPI" name="test_event_titles" time="0.032" /><testcase classname="backend.tests.test_lounge_system.TestUsersAPI" name="test_get_users" time="0.058" /></testsuite></testsuites>