<?xml version="1.0" encoding="utf-8"?><testsuites name="pytest tests"><testsuite name="pytest" errors="0" failures="0" skipped="0" tests="11" time="0.582" timestamp="2026-03-28T00:40:04.212277+00:00" hostname="agent-env-73aa3b63-dcec-411c-91af-c34469d9bd5a"><testcase classname="backend.tests.test_lowkey_home_redesign.TestAuthAPI" name="test_login_success" time="0.036" /><testcase classname="backend.tests.test_lowkey_home_redesign.TestAuthAPI" name="test_login_invalid_credentials" time="0.033" /><testcase classname="backend.tests.test_lowkey_home_redesign.TestAuthAPI" name="test_login_missing_credentials" time="0.011" /><testcase classname="backend.tests.test_lowkey_home_redesign.TestUsersAPI" name="test_get_users" time="0.012" /><testcase classname="backend.tests.test_lowkey_home_redesign.TestUsersAPI" name="test_get_user_by_id" time="0.085" /><testcase classname="backend.tests.test_lowkey_home_redesign.TestLoungesAPI" name="test_get_lounges" time="0.011" /><testcase classname="backend.tests.test_lowkey_home_redesign.TestLoungesAPI" name="test_lounge_structure" time="0.011" /><testcase classname="backend.tests.test_lowkey_home_redesign.TestStoriesAPI" name="test_get_stories" time="0.024" /><testcase classname="backend.tests.test_lowkey_home_redesign.TestFriendRequestsAPI" name="test_get_friend_requests" time="0.083" /><testcase classname="backend.tests.test_lowkey_home_redesign.TestNotificationsAPI" name="test_get_notifications" time="0.024" /><testcase classname="backend.tests.test_lowkey_home_redesign.TestNoticesAPI" name="test_get_unread_notices" time="0.086" /></testsuite></testsuites>