<?xml version="1.0" encoding="utf-8"?><testsuites name="pytest tests"><testsuite name="pytest" errors="0" failures="0" skipped="0" tests="10" time="1.567" timestamp="2026-03-26T00:01:45.428015+00:00" hostname="agent-env-73aa3b63-dcec-411c-91af-c34469d9bd5a"><testcase classname="backend.tests.test_lowkey_api.TestAuthAPI" name="test_login_success" time="0.053" /><testcase classname="backend.tests.test_lowkey_api.TestAuthAPI" name="test_login_invalid_credentials" time="0.036" /><testcase classname="backend.tests.test_lowkey_api.TestAuthAPI" name="test_login_missing_fields" time="0.088" /><testcase classname="backend.tests.test_lowkey_api.TestUsersAPI" name="test_get_users_list" time="0.095" /><testcase classname="backend.tests.test_lowkey_api.TestUsersAPI" name="test_users_have_required_fields" time="0.093" /><testcase classname="backend.tests.test_lowkey_api.TestLoungesAPI" name="test_get_lounges_list" time="0.034" /><testcase classname="backend.tests.test_lowkey_api.TestLoungesAPI" name="test_lounges_have_required_fields" time="0.096" /><testcase classname="backend.tests.test_lowkey_api.TestLoungesAPI" name="test_lounges_structure" time="0.105" /><testcase classname="backend.tests.test_lowkey_api.TestAPIHealth" name="test_api_is_accessible" time="0.697" /><testcase classname="backend.tests.test_lowkey_api.TestAPIHealth" name="test_api_returns_json" time="0.163" /></testsuite></testsuites>