<?xml version="1.0" encoding="utf-8"?><testsuites name="pytest tests"><testsuite name="pytest" errors="0" failures="0" skipped="0" tests="13" time="0.749" timestamp="2026-03-28T08:40:40.438706+00:00" hostname="agent-env-73aa3b63-dcec-411c-91af-c34469d9bd5a"><testcase classname="backend.tests.test_home_redesign_v2.TestAuthLogin" name="test_login_success" time="0.037" /><testcase classname="backend.tests.test_home_redesign_v2.TestAuthLogin" name="test_login_invalid_credentials" time="0.037" /><testcase classname="backend.tests.test_home_redesign_v2.TestUsersAPI" name="test_get_users_list" time="0.012" /><testcase classname="backend.tests.test_home_redesign_v2.TestUsersAPI" name="test_users_have_required_fields" time="0.050" /><testcase classname="backend.tests.test_home_redesign_v2.TestProfileAPI" name="test_get_profile" time="0.100" /><testcase classname="backend.tests.test_home_redesign_v2.TestProfileAPI" name="test_profile_has_verification_fields" time="0.098" /><testcase classname="backend.tests.test_home_redesign_v2.TestLoungesAPI" name="test_get_lounges_list" time="0.011" /><testcase classname="backend.tests.test_home_redesign_v2.TestLoungesAPI" name="test_lounges_have_required_fields" time="0.015" /><testcase classname="backend.tests.test_home_redesign_v2.TestLoungesAPI" name="test_lounges_include_expected_rooms" time="0.076" /><testcase classname="backend.tests.test_home_redesign_v2.TestStoriesAPI" name="test_get_stories" time="0.024" /><testcase classname="backend.tests.test_home_redesign_v2.TestNotificationsAPI" name="test_get_notifications" time="0.090" /><testcase classname="backend.tests.test_home_redesign_v2.TestFriendRequestsAPI" name="test_get_friend_requests" time="0.091" /><testcase classname="backend.tests.test_home_redesign_v2.TestHealthCheck" name="test_health_endpoint" time="0.021" /></testsuite></testsuites>