<?xml version="1.0" encoding="utf-8"?><testsuites name="pytest tests"><testsuite name="pytest" errors="0" failures="0" skipped="0" tests="15" time="0.719" timestamp="2026-03-28T12:17:28.632809+00:00" hostname="agent-env-73aa3b63-dcec-411c-91af-c34469d9bd5a"><testcase classname="backend.tests.test_inbox_friends_lounges.TestAuthentication" name="test_login_success" time="0.027" /><testcase classname="backend.tests.test_inbox_friends_lounges.TestAuthentication" name="test_login_invalid_credentials" time="0.011" /><testcase classname="backend.tests.test_inbox_friends_lounges.TestLounges" name="test_get_lounges_returns_required_lounges" time="0.077" /><testcase classname="backend.tests.test_inbox_friends_lounges.TestLounges" name="test_get_afterdark_lounge" time="0.012" /><testcase classname="backend.tests.test_inbox_friends_lounges.TestLounges" name="test_all_four_required_lounges_exist" time="0.080" /><testcase classname="backend.tests.test_inbox_friends_lounges.TestFriendRequests" name="test_get_friend_requests" time="0.014" /><testcase classname="backend.tests.test_inbox_friends_lounges.TestFriendRequests" name="test_send_friend_request" time="0.080" /><testcase classname="backend.tests.test_inbox_friends_lounges.TestFriendRequests" name="test_accept_friend_request" time="0.016" /><testcase classname="backend.tests.test_inbox_friends_lounges.TestInbox" name="test_get_inbox_conversations" time="0.011" /><testcase classname="backend.tests.test_inbox_friends_lounges.TestInbox" name="test_create_conversation" time="0.009" /><testcase classname="backend.tests.test_inbox_friends_lounges.TestInbox" name="test_send_message" time="0.083" /><testcase classname="backend.tests.test_inbox_friends_lounges.TestInbox" name="test_get_messages" time="0.088" /><testcase classname="backend.tests.test_inbox_friends_lounges.TestEvents" name="test_get_events" time="0.012" /><testcase classname="backend.tests.test_inbox_friends_lounges.TestUsers" name="test_get_users" time="0.009" /><testcase classname="backend.tests.test_inbox_friends_lounges.TestUsers" name="test_get_user_profile" time="0.078" /></testsuite></testsuites>